<?xml version="1.0" encoding="UTF-8"?>
<testsuites name="Mocha Tests" time="3.8850" tests="1" failures="0">
  <testsuite name="Root Suite" timestamp="2022-09-22T17:13:27" tests="0" file="cypress/e2e/uploadFile.cy.js" time="0.0000" failures="0">
  </testsuite>
  <testsuite name="Uplaod File" timestamp="2022-09-22T17:13:27" tests="1" time="3.8850" failures="0">
    <testcase name="Uplaod File Upload" time="3.8850" classname="Upload">
    </testcase>
  </testsuite>
</testsuites>