<?xml version="1.0" encoding="UTF-8"?>
<testsuites name="Mocha Tests" time="19.1850" tests="20" failures="0">
  <testsuite name="Root Suite" timestamp="2022-09-22T17:10:03" tests="0" file="cypress/e2e/1)runAllTestsCases.cy.js" time="0.0000" failures="0">
  </testsuite>
  <testsuite name="E-commerce page test automation " timestamp="2022-09-22T17:10:03" tests="1" time="3.2050" failures="0">
    <testcase name="E-commerce page test automation  Visiting HomePage" time="3.2050" classname="Visiting HomePage">
    </testcase>
  </testsuite>
  <testsuite name="Testing Automação com Batista Alert Page" timestamp="2022-09-22T17:10:13" tests="3" time="1.2920" failures="0">
    <testcase name="Testing Automação com Batista Alert Page Access site" time="0.3620" classname="Access site">
    </testcase>
    <testcase name="Testing Automação com Batista Alert Page Access alert page" time="0.7810" classname="Access alert page">
    </testcase>
    <testcase name="Testing Automação com Batista Alert Page should trigger an alert with a message" time="0.1490" classname="should trigger an alert with a message">
    </testcase>
  </testsuite>
  <testsuite name="Create User" timestamp="2022-09-22T17:10:14" tests="2" time="3.7460" failures="0">
    <testcase name="Create User Accessing Form page" time="0.7390" classname="Accessing Form page">
    </testcase>
    <testcase name="Create User  Filling the form" time="3.0070" classname=" Filling the form">
    </testcase>
  </testsuite>
  <testsuite name="drag and drop interaction" timestamp="2022-09-22T17:10:18" tests="1" time="1.2520" failures="0">
    <testcase name="drag and drop interaction successfully perform drag and drop" time="1.2520" classname="successfully perform drag and drop">
    </testcase>
  </testsuite>
  <testsuite name="Testing Automação com Batista Iframe Page" timestamp="2022-09-22T17:10:19" tests="3" time="2.6360" failures="0">
    <testcase name="Testing Automação com Batista Iframe Page Access site" time="0.3230" classname="Access site">
    </testcase>
    <testcase name="Testing Automação com Batista Iframe Page Access iframe page" time="0.6080" classname="Access iframe page">
    </testcase>
    <testcase name="Testing Automação com Batista Iframe Page fill the form" time="1.7050" classname="fill the form">
    </testcase>
  </testsuite>
  <testsuite name="Contact Us" timestamp="2022-09-22T17:10:22" tests="3" time="2.9150" failures="0">
    <testcase name="Contact Us List Users" time="1.0160" classname="List Users">
    </testcase>
    <testcase name="Contact Us Verify Create New Users" time="0.8370" classname="Verify Create New Users">
    </testcase>
    <testcase name="Contact Us Verify Return Back" time="1.0620" classname="Verify Return Back">
    </testcase>
  </testsuite>
  <testsuite name="Testing Automação com Batista Modal Page" timestamp="2022-09-22T17:10:25" tests="3" time="0.8820" failures="0">
    <testcase name="Testing Automação com Batista Modal Page Access site" time="0.3460" classname="Access site">
    </testcase>
    <testcase name="Testing Automação com Batista Modal Page Access modal page" time="0.3620" classname="Access modal page">
    </testcase>
    <testcase name="Testing Automação com Batista Modal Page Testing Modal" time="0.1740" classname="Testing Modal">
    </testcase>
  </testsuite>
  <testsuite name="mouse hover interaction" timestamp="2022-09-22T17:10:25" tests="1" time="0.8900" failures="0">
    <testcase name="mouse hover interaction successfully perform mouse hover interaction" time="0.8900" classname="successfully perform mouse hover interaction">
    </testcase>
  </testsuite>
  <testsuite name="Upload File" timestamp="2022-09-22T17:10:26" tests="2" time="1.4480" failures="0">
    <testcase name="Upload File List Users" time="0.7640" classname="List Users">
    </testcase>
    <testcase name="Upload File Verify Itens" time="0.6840" classname="Verify Itens">
    </testcase>
  </testsuite>
  <testsuite name="Uplaod File" timestamp="2022-09-22T17:10:28" tests="1" time="0.9190" failures="0">
    <testcase name="Uplaod File Upload" time="0.9190" classname="Upload">
    </testcase>
  </testsuite>
</testsuites>