<?xml version="1.0" encoding="UTF-8"?>
<testsuites name="Mocha Tests" time="2.8750" tests="1" failures="0">
  <testsuite name="Root Suite" timestamp="2022-09-22T17:11:46" tests="0" file="cypress/e2e/dragAndDrop.cy.js" time="0.0000" failures="0">
  </testsuite>
  <testsuite name="drag and drop interaction" timestamp="2022-09-22T17:11:46" tests="1" time="2.8750" failures="0">
    <testcase name="drag and drop interaction successfully perform drag and drop" time="2.8750" classname="successfully perform drag and drop">
    </testcase>
  </testsuite>
</testsuites>