<?xml version="1.0" encoding="UTF-8"?>
<testsuites name="Mocha Tests" time="2.7450" tests="3" failures="0">
  <testsuite name="Root Suite" timestamp="2022-09-22T17:10:55" tests="0" file="cypress/e2e/alert.cy.js" time="0.0000" failures="0">
  </testsuite>
  <testsuite name="Testing Automação com Batista Alert Page" timestamp="2022-09-22T17:10:55" tests="3" time="2.7450" failures="0">
    <testcase name="Testing Automação com Batista Alert Page Access site" time="1.9540" classname="Access site">
    </testcase>
    <testcase name="Testing Automação com Batista Alert Page Access alert page" time="0.6430" classname="Access alert page">
    </testcase>
    <testcase name="Testing Automação com Batista Alert Page should trigger an alert with a message" time="0.1480" classname="should trigger an alert with a message">
    </testcase>
  </testsuite>
</testsuites>