<?xml version="1.0" encoding="UTF-8"?>
<testsuites name="Mocha Tests" time="8.1920" tests="2" failures="0">
  <testsuite name="Root Suite" timestamp="2022-09-22T17:11:17" tests="0" file="cypress/e2e/createUser.cy.js" time="0.0000" failures="0">
  </testsuite>
  <testsuite name="Create User" timestamp="2022-09-22T17:11:17" tests="2" time="8.1920" failures="0">
    <testcase name="Create User Accessing Form page" time="2.7970" classname="Accessing Form page">
    </testcase>
    <testcase name="Create User  Filling the form" time="5.3950" classname=" Filling the form">
    </testcase>
  </testsuite>
</testsuites>