<?xml version="1.0" encoding="UTF-8"?>
<testsuites name="Mocha Tests" time="4.7320" tests="3" failures="0">
  <testsuite name="Root Suite" timestamp="2022-09-22T17:11:56" tests="0" file="cypress/e2e/iframe.cy.js" time="0.0000" failures="0">
  </testsuite>
  <testsuite name="Testing Automação com Batista Iframe Page" timestamp="2022-09-22T17:11:56" tests="3" time="4.7320" failures="0">
    <testcase name="Testing Automação com Batista Iframe Page Access site" time="1.7480" classname="Access site">
    </testcase>
    <testcase name="Testing Automação com Batista Iframe Page Access iframe page" time="0.7650" classname="Access iframe page">
    </testcase>
    <testcase name="Testing Automação com Batista Iframe Page fill the form" time="2.2190" classname="fill the form">
    </testcase>
  </testsuite>
</testsuites>