<?xml version="1.0" encoding="UTF-8"?>
<testsuites name="Mocha Tests" time="5.5620" tests="2" failures="0">
  <testsuite name="Root Suite" timestamp="2022-09-22T17:13:07" tests="0" file="cypress/e2e/table.cy.js" time="0.0000" failures="0">
  </testsuite>
  <testsuite name="Upload File" timestamp="2022-09-22T17:13:07" tests="2" time="5.5620" failures="0">
    <testcase name="Upload File List Users" time="4.1990" classname="List Users">
    </testcase>
    <testcase name="Upload File Verify Itens" time="1.3630" classname="Verify Itens">
    </testcase>
  </testsuite>
</testsuites>