<?xml version="1.0" encoding="UTF-8"?>
<testsuites name="Mocha Tests" time="5.8240" tests="3" failures="0">
  <testsuite name="Root Suite" timestamp="2022-09-22T17:12:13" tests="0" file="cypress/e2e/listUsers.cy.js" time="0.0000" failures="0">
  </testsuite>
  <testsuite name="Contact Us" timestamp="2022-09-22T17:12:14" tests="3" time="5.8240" failures="0">
    <testcase name="Contact Us List Users" time="3.4460" classname="List Users">
    </testcase>
    <testcase name="Contact Us Verify Create New Users" time="1.0440" classname="Verify Create New Users">
    </testcase>
    <testcase name="Contact Us Verify Return Back" time="1.3340" classname="Verify Return Back">
    </testcase>
  </testsuite>
</testsuites>